{
  "timestamp": "20260622T171742Z",
  "rule": "T1053.005_schtasks_shell_persistence",
  "title": "Scheduled Task Created to Run a Command Interpreter",
  "technique_id": "T1053.005",
  "level": "medium",
  "verdict": "FAIL",
  "scores": {
    "target_hits": 3,
    "leakage_hits": 6,
    "baseline_hits": 0,
    "target_sample": [
      {
        "CommandLine": "schtasks.exe  /Create /F /TN \"ATOMIC-T1053.005\" /TR \"cmd /c start /min \\\"\\\" powershell.exe -Command IEX([System.Text.Encoding]::ASCII.GetString([System.Convert]::FromBase64String((Get-ItemProperty -Path HKCU:\\\\SOFTWARE\\\\ATOMIC-T1053.005).test)))\" /sc daily /st 07:45",
        "Image": "C:\\Windows\\System32\\schtasks.exe",
        "_bkt": "main~2~A4575F87-91C0-4EC0-B925-959453C28FB6",
        "_cd": "2:195189",
        "_indextime": "1782148578",
        "_raw": "<Event xmlns='http://schemas.microsoft.com/win/2004/08/events/event'><System><Provider Name='Microsoft-Windows-Sysmon' Guid='{5770385f-c22a-43e0-bf4c-06f5698ffbd9}'/><EventID>1</EventID><Version>5</Version><Level>4</Level><Task>1</Task><Opcode>0</Opcode><Keywords>0x8000000000000000</Keywords><TimeCreated SystemTime='2026-06-22T17:16:17.2860209Z'/><EventRecordID>6774</EventRecordID><Correlation/><Execution ProcessID='2916' ThreadID='4172'/><Channel>Microsoft-Windows-Sysmon/Operational</Channel><Computer>WIN-H0IJO7KTE1O</Computer><Security UserID='S-1-5-18'/></System><EventData><Data Name='RuleName'>-</Data><Data Name='UtcTime'>2026-06-22 17:16:17.247</Data><Data Name='ProcessGuid'>{63dbd3e9-6de1-6a39-0f02-000000000a00}</Data><Data Name='ProcessId'>7636</Data><Data Name='Image'>C:\\Windows\\System32\\schtasks.exe</Data><Data Name='FileVersion'>10.0.26100.6725 (WinBuild.160101.0800)</Data><Data Name='Description'>Task Scheduler Configuration Tool</Data><Data Name='Product'>Microsoft® Windows® Operating System</Data><Data Name='Company'>Microsoft Corporation</Data><Data Name='OriginalFileName'>schtasks.exe</Data><Data Name='CommandLine'>schtasks.exe  /Create /F /TN \"ATOMIC-T1053.005\" /TR \"cmd /c start /min \\\"\\\" powershell.exe -Command IEX([System.Text.Encoding]::ASCII.GetString([System.Convert]::FromBase64String((Get-ItemProperty -Path HKCU:\\\\SOFTWARE\\\\ATOMIC-T1053.005).test)))\" /sc daily /st 07:45</Data><Data Name='CurrentDirectory'>C:\\Users\\ADMINI~1\\AppData\\Local\\Temp\\</Data><Data Name='User'>WIN-H0IJO7KTE1O\\Administrator</Data><Data Name='LogonGuid'>{63dbd3e9-6d98-6a39-31e2-310000000000}</Data><Data Name='LogonId'>0x31e231</Data><Data Name='TerminalSessionId'>0</Data><Data Name='IntegrityLevel'>High</Data><Data Name='Hashes'>MD5=0EB0E5987DADDBBCFAB61F46FC44ABE0,SHA256=B96AF3066F0B9DE8A460F77BAAE006C5372A266BE18C561DAA7C7AE8635D399D,IMPHASH=A7B2338D5533AE221C0EB231BBEC0787</Data><Data Name='ParentProcessGuid'>{63dbd3e9-6de1-6a39-0c02-000000000a00}</Data><Data Name='ParentProcessId'>1732</Data><Data Name='ParentImage'>C:\\Windows\\System32\\cmd.exe</Data><Data Name='ParentCommandLine'>\"cmd.exe\" /c reg add HKCU\\SOFTWARE\\ATOMIC-T1053.005 /v test /t REG_SZ /d cGluZyAxMjcuMC4wLjE= /f &amp; schtasks.exe /Create /F /TN \"ATOMIC-T1053.005\" /TR \"cmd /c start /min \\\"\\\" powershell.exe -Command IEX([System.Text.Encoding]::ASCII.GetString([System.Convert]::FromBase64String((Get-ItemProperty -Path HKCU:\\\\SOFTWARE\\\\ATOMIC-T1053.005).test)))\" /sc daily /st 07:45</Data><Data Name='ParentUser'>WIN-H0IJO7KTE1O\\Administrator</Data></EventData></Event>",
        "_serial": "0",
        "_si": [
          "RAHUL",
          "main"
        ],
        "_sourcetype": "XmlWinEventLog:Microsoft-Windows-Sysmon/Operational",
        "_subsecond": ".286",
        "_time": "2026-06-22T22:46:17.286+05:30",
        "host": "WIN-H0IJO7KTE1O",
        "index": "main",
        "linecount": "1",
        "source": "WinEventLog:Microsoft-Windows-Sysmon/Operational",
        "sourcetype": "xmlwineventlog",
        "splunk_server": "RAHUL"
      },
      {
        "CommandLine": "SCHTASKS  /Create /S localhost /RU DOMAIN\\user /RP At0micStrong /TN \"Atomic task\" /TR \"C:\\windows\\system32\\cmd.exe\" /SC daily /ST 20:10",
        "Image": "C:\\Windows\\System32\\schtasks.exe",
        "_bkt": "main~2~A4575F87-91C0-4EC0-B925-959453C28FB6",
        "_cd": "2:194272",
        "_indextime": "1782148561",
        "_raw": "<Event xmlns='http://schemas.microsoft.com/win/2004/08/events/event'><System><Provider Name='Microsoft-Windows-Sysmon' Guid='{5770385f-c22a-43e0-bf4c-06f5698ffbd9}'/><EventID>1</EventID><Version>5</Version><Level>4</Level><Task>1</Task><Opcode>0</Opcode><Keywords>0x8000000000000000</Keywords><TimeCreated SystemTime='2026-06-22T17:16:01.5902218Z'/><EventRecordID>6760</EventRecordID><Correlation/><Execution ProcessID='2916' ThreadID='4172'/><Channel>Microsoft-Windows-Sysmon/Operational</Channel><Computer>WIN-H0IJO7KTE1O</Computer><Security UserID='S-1-5-18'/></System><EventData><Data Name='RuleName'>-</Data><Data Name='UtcTime'>2026-06-22 17:16:01.563</Data><Data Name='ProcessGuid'>{63dbd3e9-6dd1-6a39-0502-000000000a00}</Data><Data Name='ProcessId'>3384</Data><Data Name='Image'>C:\\Windows\\System32\\schtasks.exe</Data><Data Name='FileVersion'>10.0.26100.6725 (WinBuild.160101.0800)</Data><Data Name='Description'>Task Scheduler Configuration Tool</Data><Data Name='Product'>Microsoft® Windows® Operating System</Data><Data Name='Company'>Microsoft Corporation</Data><Data Name='OriginalFileName'>schtasks.exe</Data><Data Name='CommandLine'>SCHTASKS  /Create /S localhost /RU DOMAIN\\user /RP At0micStrong /TN \"Atomic task\" /TR \"C:\\windows\\system32\\cmd.exe\" /SC daily /ST 20:10</Data><Data Name='CurrentDirectory'>C:\\Users\\ADMINI~1\\AppData\\Local\\Temp\\</Data><Data Name='User'>WIN-H0IJO7KTE1O\\Administrator</Data><Data Name='LogonGuid'>{63dbd3e9-6d98-6a39-31e2-310000000000}</Data><Data Name='LogonId'>0x31e231</Data><Data Name='TerminalSessionId'>0</Data><Data Name='IntegrityLevel'>High</Data><Data Name='Hashes'>MD5=0EB0E5987DADDBBCFAB61F46FC44ABE0,SHA256=B96AF3066F0B9DE8A460F77BAAE006C5372A266BE18C561DAA7C7AE8635D399D,IMPHASH=A7B2338D5533AE221C0EB231BBEC0787</Data><Data Name='ParentProcessGuid'>{63dbd3e9-6dd1-6a39-0302-000000000a00}</Data><Data Name='ParentProcessId'>5012</Data><Data Name='ParentImage'>C:\\Windows\\System32\\cmd.exe</Data><Data Name='ParentCommandLine'>\"cmd.exe\" /c SCHTASKS /Create /S localhost /RU DOMAIN\\user /RP At0micStrong /TN \"Atomic task\" /TR \"C:\\windows\\system32\\cmd.exe\" /SC daily /ST 20:10</Data><Data Name='ParentUser'>WIN-H0IJO7KTE1O\\Administrator</Data></EventData></Event>",
        "_serial": "1",
        "_si": [
          "RAHUL",
          "main"
        ],
        "_sourcetype": "XmlWinEventLog:Microsoft-Windows-Sysmon/Operational",
        "_subsecond": ".590",
        "_time": "2026-06-22T22:46:01.590+05:30",
        "host": "WIN-H0IJO7KTE1O",
        "index": "main",
        "linecount": "1",
        "source": "WinEventLog:Microsoft-Windows-Sysmon/Operational",
        "sourcetype": "xmlwineventlog",
        "splunk_server": "RAHUL"
      },
      {
        "CommandLine": "SCHTASKS  /Create /SC ONCE /TN spawn /TR C:\\windows\\system32\\cmd.exe /ST 20:10",
        "Image": "C:\\Windows\\System32\\schtasks.exe",
        "_bkt": "main~2~A4575F87-91C0-4EC0-B925-959453C28FB6",
        "_cd": "2:194061",
        "_indextime": "1782148561",
        "_raw": "<Event xmlns='http://schemas.microsoft.com/win/2004/08/events/event'><System><Provider Name='Microsoft-Windows-Sysmon' Guid='{5770385f-c22a-43e0-bf4c-06f5698ffbd9}'/><EventID>1</EventID><Version>5</Version><Level>4</Level><Task>1</Task><Opcode>0</Opcode><Keywords>0x8000000000000000</Keywords><TimeCreated SystemTime='2026-06-22T17:16:00.8766824Z'/><EventRecordID>6757</EventRecordID><Correlation/><Execution ProcessID='2916' ThreadID='4172'/><Channel>Microsoft-Windows-Sysmon/Operational</Channel><Computer>WIN-H0IJO7KTE1O</Computer><Security UserID='S-1-5-18'/></System><EventData><Data Name='RuleName'>-</Data><Data Name='UtcTime'>2026-06-22 17:16:00.847</Data><Data Name='ProcessGuid'>{63dbd3e9-6dd0-6a39-0202-000000000a00}</Data><Data Name='ProcessId'>2332</Data><Data Name='Image'>C:\\Windows\\System32\\schtasks.exe</Data><Data Name='FileVersion'>10.0.26100.6725 (WinBuild.160101.0800)</Data><Data Name='Description'>Task Scheduler Configuration Tool</Data><Data Name='Product'>Microsoft® Windows® Operating System</Data><Data Name='Company'>Microsoft Corporation</Data><Data Name='OriginalFileName'>schtasks.exe</Data><Data Name='CommandLine'>SCHTASKS  /Create /SC ONCE /TN spawn /TR C:\\windows\\system32\\cmd.exe /ST 20:10</Data><Data Name='CurrentDirectory'>C:\\Users\\ADMINI~1\\AppData\\Local\\Temp\\</Data><Data Name='User'>WIN-H0IJO7KTE1O\\Administrator</Data><Data Name='LogonGuid'>{63dbd3e9-6d98-6a39-31e2-310000000000}</Data><Data Name='LogonId'>0x31e231</Data><Data Name='TerminalSessionId'>0</Data><Data Name='IntegrityLevel'>High</Data><Data Name='Hashes'>MD5=0EB0E5987DADDBBCFAB61F46FC44ABE0,SHA256=B96AF3066F0B9DE8A460F77BAAE006C5372A266BE18C561DAA7C7AE8635D399D,IMPHASH=A7B2338D5533AE221C0EB231BBEC0787</Data><Data Name='ParentProcessGuid'>{63dbd3e9-6dd0-6a39-0002-000000000a00}</Data><Data Name='ParentProcessId'>2496</Data><Data Name='ParentImage'>C:\\Windows\\System32\\cmd.exe</Data><Data Name='ParentCommandLine'>\"cmd.exe\" /c SCHTASKS /Create /SC ONCE /TN spawn /TR C:\\windows\\system32\\cmd.exe /ST 20:10</Data><Data Name='ParentUser'>WIN-H0IJO7KTE1O\\Administrator</Data></EventData></Event>",
        "_serial": "2",
        "_si": [
          "RAHUL",
          "main"
        ],
        "_sourcetype": "XmlWinEventLog:Microsoft-Windows-Sysmon/Operational",
        "_subsecond": ".876",
        "_time": "2026-06-22T22:46:00.876+05:30",
        "host": "WIN-H0IJO7KTE1O",
        "index": "main",
        "linecount": "1",
        "source": "WinEventLog:Microsoft-Windows-Sysmon/Operational",
        "sourcetype": "xmlwineventlog",
        "splunk_server": "RAHUL"
      }
    ]
  },
  "thresholds": {
    "min_target_hits": 1,
    "max_leakage_hits": 5,
    "max_baseline_hits": 10
  },
  "reasons": [
    "FAIL — cross-domain leakage: 6 hit(s), threshold ≤5. Rule is firing on unrelated historical activity."
  ],
  "compiled_spl": "Image=\"*\\\\schtasks.exe\" CommandLine=\"*/create*\" CommandLine IN (\"*cmd.exe*\", \"*powershell.exe*\", \"*pwsh.exe*\", \"*wscript.exe*\", \"*cscript.exe*\", \"*mshta.exe*\")"
}